/store/user/mangano/SingleElMinusFlatLogPt_CMSSW_4_2_8-START42_V12_GEN-SIM-DIGI-RAW-HLTDEBUG/CMSSW_4_2_8-START42_V12_GEN-SIM-RECO-v3/8de1ffbdb519f9edbafc5606a1926f13/step2_12_1_Q7i.root
/store/user/mangano/SingleElMinusFlatLogPt_CMSSW_4_2_8-START42_V12_GEN-SIM-DIGI-RAW-HLTDEBUG/CMSSW_4_2_8-START42_V12_GEN-SIM-RECO-v3/8de1ffbdb519f9edbafc5606a1926f13/step2_13_1_kwG.root
/store/user/mangano/SingleElMinusFlatLogPt_CMSSW_4_2_8-START42_V12_GEN-SIM-DIGI-RAW-HLTDEBUG/CMSSW_4_2_8-START42_V12_GEN-SIM-RECO-v3/8de1ffbdb519f9edbafc5606a1926f13/step2_14_1_nZI.root
/store/user/mangano/SingleElMinusFlatLogPt_CMSSW_4_2_8-START42_V12_GEN-SIM-DIGI-RAW-HLTDEBUG/CMSSW_4_2_8-START42_V12_GEN-SIM-RECO-v3/8de1ffbdb519f9edbafc5606a1926f13/step2_15_1_Rtx.root
/store/user/mangano/SingleElMinusFlatLogPt_CMSSW_4_2_8-START42_V12_GEN-SIM-DIGI-RAW-HLTDEBUG/CMSSW_4_2_8-START42_V12_GEN-SIM-RECO-v3/8de1ffbdb519f9edbafc5606a1926f13/step2_16_1_IPC.root
/store/user/mangano/SingleElMinusFlatLogPt_CMSSW_4_2_8-START42_V12_GEN-SIM-DIGI-RAW-HLTDEBUG/CMSSW_4_2_8-START42_V12_GEN-SIM-RECO-v3/8de1ffbdb519f9edbafc5606a1926f13/step2_17_1_6hi.root
/store/user/mangano/SingleElMinusFlatLogPt_CMSSW_4_2_8-START42_V12_GEN-SIM-DIGI-RAW-HLTDEBUG/CMSSW_4_2_8-START42_V12_GEN-SIM-RECO-v3/8de1ffbdb519f9edbafc5606a1926f13/step2_18_1_FGX.root
/store/user/mangano/SingleElMinusFlatLogPt_CMSSW_4_2_8-START42_V12_GEN-SIM-DIGI-RAW-HLTDEBUG/CMSSW_4_2_8-START42_V12_GEN-SIM-RECO-v3/8de1ffbdb519f9edbafc5606a1926f13/step2_19_1_q2P.root
/store/user/mangano/SingleElMinusFlatLogPt_CMSSW_4_2_8-START42_V12_GEN-SIM-DIGI-RAW-HLTDEBUG/CMSSW_4_2_8-START42_V12_GEN-SIM-RECO-v3/8de1ffbdb519f9edbafc5606a1926f13/step2_20_1_HPi.root
/store/user/mangano/SingleElMinusFlatLogPt_CMSSW_4_2_8-START42_V12_GEN-SIM-DIGI-RAW-HLTDEBUG/CMSSW_4_2_8-START42_V12_GEN-SIM-RECO-v3/8de1ffbdb519f9edbafc5606a1926f13/step2_1_1_T6G.root
/store/user/mangano/SingleElMinusFlatLogPt_CMSSW_4_2_8-START42_V12_GEN-SIM-DIGI-RAW-HLTDEBUG/CMSSW_4_2_8-START42_V12_GEN-SIM-RECO-v3/8de1ffbdb519f9edbafc5606a1926f13/step2_2_1_HPw.root
/store/user/mangano/SingleElMinusFlatLogPt_CMSSW_4_2_8-START42_V12_GEN-SIM-DIGI-RAW-HLTDEBUG/CMSSW_4_2_8-START42_V12_GEN-SIM-RECO-v3/8de1ffbdb519f9edbafc5606a1926f13/step2_3_1_hIh.root
/store/user/mangano/SingleElMinusFlatLogPt_CMSSW_4_2_8-START42_V12_GEN-SIM-DIGI-RAW-HLTDEBUG/CMSSW_4_2_8-START42_V12_GEN-SIM-RECO-v3/8de1ffbdb519f9edbafc5606a1926f13/step2_4_1_LFY.root
/store/user/mangano/SingleElMinusFlatLogPt_CMSSW_4_2_8-START42_V12_GEN-SIM-DIGI-RAW-HLTDEBUG/CMSSW_4_2_8-START42_V12_GEN-SIM-RECO-v3/8de1ffbdb519f9edbafc5606a1926f13/step2_5_1_Pid.root
/store/user/mangano/SingleElMinusFlatLogPt_CMSSW_4_2_8-START42_V12_GEN-SIM-DIGI-RAW-HLTDEBUG/CMSSW_4_2_8-START42_V12_GEN-SIM-RECO-v3/8de1ffbdb519f9edbafc5606a1926f13/step2_6_1_Y6U.root
/store/user/mangano/SingleElMinusFlatLogPt_CMSSW_4_2_8-START42_V12_GEN-SIM-DIGI-RAW-HLTDEBUG/CMSSW_4_2_8-START42_V12_GEN-SIM-RECO-v3/8de1ffbdb519f9edbafc5606a1926f13/step2_7_1_V6D.root
/store/user/mangano/SingleElMinusFlatLogPt_CMSSW_4_2_8-START42_V12_GEN-SIM-DIGI-RAW-HLTDEBUG/CMSSW_4_2_8-START42_V12_GEN-SIM-RECO-v3/8de1ffbdb519f9edbafc5606a1926f13/step2_8_1_X0A.root
/store/user/mangano/SingleElMinusFlatLogPt_CMSSW_4_2_8-START42_V12_GEN-SIM-DIGI-RAW-HLTDEBUG/CMSSW_4_2_8-START42_V12_GEN-SIM-RECO-v3/8de1ffbdb519f9edbafc5606a1926f13/step2_11_1_vfT.root
/store/user/mangano/SingleElMinusFlatLogPt_CMSSW_4_2_8-START42_V12_GEN-SIM-DIGI-RAW-HLTDEBUG/CMSSW_4_2_8-START42_V12_GEN-SIM-RECO-v3/8de1ffbdb519f9edbafc5606a1926f13/step2_9_1_bZY.root
/store/user/mangano/SingleElMinusFlatLogPt_CMSSW_4_2_8-START42_V12_GEN-SIM-DIGI-RAW-HLTDEBUG/CMSSW_4_2_8-START42_V12_GEN-SIM-RECO-v3/8de1ffbdb519f9edbafc5606a1926f13/step2_10_1_U8t.root
